<?xml version="1.0" encoding="UTF-8"?>
<robot generator="Robot 4.0 (Python 3.7.9 on win32)" generated="20210412 08:53:47.669" rpa="false" schemaversion="2">
<suite id="s1" name="WindowTabs" source="C:\Users\Admin\PycharmProjects\RobotFramework-Pom\Tests\Exercises\WindowTabs.robot">
<test id="s1-t1" name="WindowTabs">
<kw name="Open Browser" library="SeleniumLibrary">
<arg>${url}</arg>
<arg>${browser}</arg>
<doc>Opens a new browser instance to the optional ``url``.</doc>
<msg timestamp="20210412 08:53:48.035" level="INFO">Opening browser 'chrome' to base url 'https://automationfc.github.io/basic-form/index.html'.</msg>
<status status="PASS" starttime="20210412 08:53:48.035" endtime="20210412 08:54:10.434"/>
</kw>
<kw name="Maximize Browser Window" library="SeleniumLibrary">
<doc>Maximizes current browser window.</doc>
<status status="PASS" starttime="20210412 08:54:10.435" endtime="20210412 08:54:10.584"/>
</kw>
<kw name="Get Window Handles" library="SeleniumLibrary">
<var>${parent_window}</var>
<doc>Returns all child window handles of the selected browser as a list.</doc>
<msg timestamp="20210412 08:54:10.588" level="INFO">${parent_window} = ['CDwindow-872750AC4398A366419C59C288F2D4A7']</msg>
<status status="PASS" starttime="20210412 08:54:10.584" endtime="20210412 08:54:10.588"/>
</kw>
<kw name="Scroll Element Into View" library="SeleniumLibrary">
<arg>xpath://a[contains(text(),'GOOGLE')]</arg>
<doc>Scrolls the element identified by ``locator`` into view.</doc>
<status status="PASS" starttime="20210412 08:54:10.589" endtime="20210412 08:54:10.884"/>
</kw>
<kw name="Wait Until Element Is Visible" library="SeleniumLibrary">
<arg>xpath://a[contains(text(),'GOOGLE')]</arg>
<doc>Waits until the element ``locator`` is visible.</doc>
<status status="PASS" starttime="20210412 08:54:10.884" endtime="20210412 08:54:10.921"/>
</kw>
<kw name="Click Link" library="SeleniumLibrary">
<arg>xpath://a[contains(text(),'GOOGLE')]</arg>
<doc>Clicks a link identified by ``locator``.</doc>
<msg timestamp="20210412 08:54:10.922" level="INFO">Clicking link 'xpath://a[contains(text(),'GOOGLE')]'.</msg>
<status status="PASS" starttime="20210412 08:54:10.922" endtime="20210412 08:54:11.048"/>
</kw>
<kw name="Get Window Handles" library="SeleniumLibrary">
<var>@{all_windows}</var>
<doc>Returns all child window handles of the selected browser as a list.</doc>
<msg timestamp="20210412 08:54:11.055" level="INFO">@{all_windows} = [ CDwindow-872750AC4398A366419C59C288F2D4A7 | CDwindow-FB436467C36346C1DE2AEDE39360E71C ]</msg>
<status status="PASS" starttime="20210412 08:54:11.050" endtime="20210412 08:54:11.055"/>
</kw>
<for flavor="IN">
<var>${window}</var>
<value>@{all_windows}</value>
<msg timestamp="20210412 08:54:11.056" level="FAIL">FOR loop has no closing END.</msg>
<status status="FAIL" starttime="20210412 08:54:11.056" endtime="20210412 08:54:11.056"/>
</for>
<status status="FAIL" starttime="20210412 08:53:48.034" endtime="20210412 08:54:11.057">FOR loop has no closing END.</status>
</test>
<status status="FAIL" starttime="20210412 08:53:47.672" endtime="20210412 08:54:11.060"/>
</suite>
<statistics>
<total>
<stat pass="0" fail="1" skip="0">All Tests</stat>
</total>
<tag>
</tag>
<suite>
<stat pass="0" fail="1" skip="0" id="s1" name="WindowTabs">WindowTabs</stat>
</suite>
</statistics>
<errors>
</errors>
</robot>
